[1726330227.959][INFO]: Starting ChromeDriver 128.0.6613.137 (fe621c5aa2d6b987e964fb1b5066833da5fb613d-refs/branch-heads/6613@{#1711}) on port 45103
[1726330227.959][INFO]: Please see https://chromedriver.chromium.org/security-considerations for suggestions on keeping ChromeDriver safe.
[1726330228.004][INFO]: ChromeDriver was started successfully on port 45103
[1726330228.140][INFO]: [2ad63ac9516cd30d9b3bff8841a3ca62] COMMAND InitSession {
   "capabilities": {
      "firstMatch": [ {
         "browserName": "chrome",
         "goog:chromeOptions": {
            "args": [  ],
            "extensions": [  ]
         },
         "goog:loggingPrefs": {
            "browser": "ALL",
            "driver": "ALL"
         }
      } ]
   }
}
[1726330228.140][INFO]: Browser search. Trying... C:\Users\nagma.kazi\.cache\selenium\chromedriver\win64\128.0.6613.137\chrome.exe
[1726330228.140][INFO]: Browser search. Trying... C:\Users\nagma.kazi\.cache\selenium\chromedriver\win64\128.0.6613.137\chrome.exe
[1726330228.141][INFO]: Browser search. Trying... C:\Users\nagma.kazi\.cache\selenium\chromedriver\win64\128.0.6613.137\chromium.exe
[1726330228.154][INFO]: Browser search. Trying... C:\Users\nagma.kazi\AppData\Local\Google\Chrome\Application\chrome.exe
[1726330228.154][INFO]: Browser search. Trying... C:\Program Files\Google\Chrome\Application\chrome.exe
[1726330228.154][INFO]: Browser search. Found at  C:\Program Files\Google\Chrome\Application\chrome.exe
[1726330228.156][INFO]: Populating Preferences file: {
   "alternate_error_pages": {
      "enabled": false
   },
   "autofill": {
      "enabled": false
   },
   "browser": {
      "check_default_browser": false
   },
   "distribution": {
      "import_bookmarks": false,
      "import_history": false,
      "import_search_engine": false,
      "make_chrome_default_for_user": false,
      "skip_first_run_ui": true
   },
   "dns_prefetching": {
      "enabled": false
   },
   "profile": {
      "content_settings": {
         "pattern_pairs": {
            "https://*,*": {
               "media-stream": {
                  "audio": "Default",
                  "video": "Default"
               }
            }
         }
      },
      "default_content_setting_values": {
         "geolocation": 1
      },
      "default_content_settings": {
         "geolocation": 1,
         "mouselock": 1,
         "notifications": 1,
         "popups": 1,
         "ppapi-broker": 1
      },
      "password_manager_enabled": false
   },
   "safebrowsing": {
      "enabled": false
   },
   "search": {
      "suggest_enabled": false
   },
   "translate": {
      "enabled": false
   }
}
[1726330228.166][INFO]: Populating Local State file: {
   "background_mode": {
      "enabled": false
   },
   "ssl": {
      "rev_checking": {
         "enabled": false
      }
   }
}
[1726330228.182][INFO]: ChromeDriver supports communication with Chrome via pipes. This is more reliable and more secure.
[1726330228.182][INFO]: Use the --remote-debugging-pipe Chrome switch instead of the default --remote-debugging-port to enable this communication mode.
[1726330228.190][INFO]: Launching chrome: "C:\Program Files\Google\Chrome\Application\chrome.exe" --allow-pre-commit-input --disable-background-networking --disable-backgrounding-occluded-windows --disable-client-side-phishing-detection --disable-default-apps --disable-hang-monitor --disable-popup-blocking --disable-prompt-on-repost --disable-sync --enable-automation --enable-logging --log-level=0 --no-first-run --no-service-autorun --password-store=basic --remote-debugging-port=0 --test-type=webdriver --use-mock-keychain --user-data-dir="C:\Users\NAGMA~1.KAZ\AppData\Local\Temp\scoped_dir49908_1074957230" data:,
[1726330230.516][INFO]: resolved localhost to ["::1","127.0.0.1"]
[1726330232.115][INFO]: [2ad63ac9516cd30d9b3bff8841a3ca62] RESPONSE InitSession {
   "capabilities": {
      "acceptInsecureCerts": false,
      "browserName": "chrome",
      "browserVersion": "128.0.6613.121",
      "chrome": {
         "chromedriverVersion": "128.0.6613.137 (fe621c5aa2d6b987e964fb1b5066833da5fb613d-refs/branch-heads/6613@{#1711})",
         "userDataDir": "C:\\Users\\NAGMA~1.KAZ\\AppData\\Local\\Temp\\scoped_dir49908_1074957230"
      },
      "fedcm:accounts": true,
      "goog:chromeOptions": {
         "debuggerAddress": "localhost:51813"
      },
      "networkConnectionEnabled": false,
      "pageLoadStrategy": "normal",
      "platformName": "windows",
      "proxy": {
      },
      "setWindowRect": true,
      "strictFileInteractability": false,
      "timeouts": {
         "implicit": 0,
         "pageLoad": 300000,
         "script": 30000
      },
      "unhandledPromptBehavior": "dismiss and notify",
      "webauthn:extension:credBlob": true,
      "webauthn:extension:largeBlob": true,
      "webauthn:extension:minPinLength": true,
      "webauthn:extension:prf": true,
      "webauthn:virtualAuthenticators": true
   },
   "sessionId": "2ad63ac9516cd30d9b3bff8841a3ca62"
}
[1726330232.205][INFO]: [2ad63ac9516cd30d9b3bff8841a3ca62] COMMAND MaximizeWindow {
}
[1726330232.205][INFO]: Waiting for pending navigations...
[1726330232.206][INFO]: Done waiting for pending navigations. Status: ok
[1726330232.237][INFO]: Waiting for pending navigations...
[1726330232.238][INFO]: Done waiting for pending navigations. Status: ok
[1726330232.238][INFO]: [2ad63ac9516cd30d9b3bff8841a3ca62] RESPONSE MaximizeWindow {
   "height": 744,
   "width": 1382,
   "x": -8,
   "y": -8
}
[1726330232.246][INFO]: [2ad63ac9516cd30d9b3bff8841a3ca62] COMMAND SetTimeouts {
   "implicit": 30000
}
[1726330232.246][INFO]: [2ad63ac9516cd30d9b3bff8841a3ca62] RESPONSE SetTimeouts
[1726330232.252][INFO]: [2ad63ac9516cd30d9b3bff8841a3ca62] COMMAND Navigate {
   "url": "https://www.99bookscart.com/"
}
[1726330232.252][INFO]: Waiting for pending navigations...
[1726330232.255][INFO]: Done waiting for pending navigations. Status: ok
[1726330233.523][INFO]: Waiting for pending navigations...
[1726330241.606][INFO]: Done waiting for pending navigations. Status: ok
[1726330241.606][INFO]: [2ad63ac9516cd30d9b3bff8841a3ca62] RESPONSE Navigate
[1726330241.615][INFO]: [2ad63ac9516cd30d9b3bff8841a3ca62] COMMAND FindElement {
   "using": "xpath",
   "value": "(//button[contains( @class , \\\"css-5bcq5j\\\")])[1]"
}
[1726330241.615][INFO]: Waiting for pending navigations...
[1726330241.616][INFO]: Done waiting for pending navigations. Status: ok
[1726330241.633][INFO]: Waiting for pending navigations...
[1726330241.634][INFO]: Done waiting for pending navigations. Status: ok
[1726330241.634][INFO]: [2ad63ac9516cd30d9b3bff8841a3ca62] RESPONSE FindElement ERROR invalid selector
from javascript error: {"status":32,"value":"Unable to locate an element with the xpath expression (//button[contains( @class , \\\"css-5bcq5j\\\")])[1] because of the following error:\nSyntaxError: Failed to execute 'evaluate' on 'Document': The string '(//button[contains( @class , \\\"css-5bcq5j\\\")])[1]' is not a valid XPath expression."}
  (Session info: chrome=128.0.6613.121)
